C51 COMPILER V9.01   LCD                                                                   12/26/2019 17:06:22 PAGE 1   


C51 COMPILER V9.01, COMPILATION OF MODULE LCD
OBJECT MODULE PLACED IN lcd.OBJ
COMPILER INVOKED BY: G:\keil4\C51\BIN\C51.EXE lcd.c LARGE BROWSE DEBUG OBJECTEXTEND

line level    source

   1          #include "STC12C5A60S2.h"
   2          #include <INTRINS.H>
   3          #include "main.h"
   4          #include "lcd.h"
   5          #include "timer.h"
   6          #include "stdio.h"      
   7          //#include "pid.h"
   8          #include "pt100.h"      
   9          
  10          
  11          
  12          void Delay1ms(unsigned int y)
  13          {
  14   1              unsigned int x;
  15   1              for(y;y>0;y--)
  16   1                      for(x=110;x>0;x--);
  17   1      }
  18          
  19          /*******************************************************************************
  20          * 函数名         : LcdWriteCom
  21          * 函数功能                 : 向LCD写入一个字节的命令
  22          * 输入           : com
  23          * 输出           : 无
  24          *******************************************************************************/
  25          void LcdWriteCom(uchar CMD,uchar Attribc)//写入命令
  26          {
  27   1              if(Attribc)WaitForEnable();     
  28   1              LCD1602_RS=0;LCD1602_RW=0;
  29   1              _nop_();
  30   1              LCD1602_DATAPINS=CMD;
  31   1              _nop_();        
  32   1              LCD1602_E=1;
  33   1              _nop_();_nop_();
  34   1              LCD1602_E=0;
  35   1      }
  36          
  37          /*******************************************************************************
  38          * 函数名         : LcdWriteData
  39          * 函数功能                 : 向LCD写入一个字节的数据
  40          * 输入           : dat
  41          * 输出           : 无
  42          *******************************************************************************/                   
  43          void LcdWriteData(uchar dataW)//写入数据
  44          {
  45   1              WaitForEnable();                
  46   1              LCD1602_RS=1;LCD1602_RW=0;
  47   1              _nop_();
  48   1              LCD1602_DATAPINS=dataW;
  49   1              _nop_();        
  50   1              LCD1602_E=1;
  51   1              _nop_();_nop_();
  52   1              LCD1602_E=0;
  53   1      }
  54          /*******************************************************************************
  55          * 函数名         : LcdInit()
C51 COMPILER V9.01   LCD                                                                   12/26/2019 17:06:22 PAGE 2   

  56          * 函数功能               : 初始化LCD屏
  57          * 输入           : 无
  58          * 输出           : 无
  59          *******************************************************************************/                   
  60          void LcdInit()                                            //LCD初始化子程序
  61          {
  62   1              LcdWriteCom(0x32,1);    //将8位总线转为4位总线
  63   1              LcdWriteCom(0x38,1);    //在四位线下的初始化
  64   1              LcdWriteCom(0x08,1);    //设置数据指针起点
  65   1              LcdWriteCom(0x01,1);    //清屏
  66   1              LcdWriteCom(0x06,1);    //写一个指针加1
  67   1              LcdWriteCom(0x0c,1);  //开显示不显示光标
  68   1              Delay1ms(30);
  69   1              LcdWriteCom(0x01,1);
  70   1              Delay1ms(300);
  71   1      }
  72          /*******************************************************************************
  73          * 函数名         : WaitForEnable()
  74          * 函数功能               : 
  75          * 输入           : 无
  76          * 输出           : 无
  77          *******************************************************************************/
  78          void WaitForEnable(void)        
  79          {                                       
  80   1              LCD1602_DATAPINS=0xff;          
  81   1              LCD1602_RS=0;LCD1602_RW=1;
  82   1              _nop_();
  83   1              LCD1602_E=1;
  84   1              _nop_();_nop_();
  85   1              while(LCD1602_DATAPINS&0x80);   
  86   1              LCD1602_E=0;                            
  87   1      }
  88          
  89          /********************************************************************************
  90          输入X:0~15               第几列
  91                  Y:0~1            第几行
  92                  s:"Light"       
  93          *********************************************************************************/
  94          void DisplayChar(uchar Y,uchar X,uchar *s)//如果想显示姓名可将该函数打开调用即可
  95          {                                               
  96   1          Y&=1;                                               
  97   1          X&=15;                                              
  98   1          if(Y)       X|=0xC0;                                        
  99   1          else        X|=0x80;
 100   1          while(*s!='\0')
 101   1              {
 102   2                      LcdWriteCom(X++,0);
 103   2                      LcdWriteData(*s);
 104   2                      Delay1ms(1);
 105   2                      s++;
 106   2              }                                       
 107   1      }
 108          
 109          
 110          
 111          /******显示3位数********/
 112          void LCD_dis_data3(uchar x,uchar y,uint data4)
 113          {
 114   1         uchar pos,i=0,str[4];
 115   1              switch(x%2)
 116   1              {
 117   2                      case 1:pos=0x80+y;break; //第一行
C51 COMPILER V9.01   LCD                                                                   12/26/2019 17:06:22 PAGE 3   

 118   2                      case 0:pos=0xc0+y;break; //第二行
 119   2              }
 120   1              LcdWriteCom(pos,0);                              //写入定位命令
 121   1      
 122   1           str[0]=data4/100%10+0x30;
 123   1           str[1]=data4/10%10+0x30;
 124   1           str[2]=data4%10+0x30;
 125   1               str[3]='\0';
 126   1      
 127   1              while(str[i] != '\0')
 128   1          {
 129   2              LcdWriteData(str[i++]); //写一个字符，指向下一个
 130   2          }
 131   1      
 132   1      }
 133          
 134          
 135          /******显示3位整数，两位小数********/
 136          void Display1(uchar x,uchar y,uint datas)
 137          {
 138   1              uchar pos,i=0,str[8];
 139   1              switch(x%2)
 140   1              {
 141   2                      case 1:pos=0x80+y;break; //第一行
 142   2                      case 0:pos=0xc0+y;break; //第二行
 143   2              }
 144   1              LcdWriteCom(pos,0);                              //写入定位命令
 145   1           
 146   1                 str[0]=datas/10000%10+0x30;
 147   1                 str[1]=datas/1000%10+0x30;
 148   1           str[2]=datas/100%10+0x30;
 149   1           str[3]='.';
 150   1           str[4]=datas/10%10+0x30;
 151   1                       str[5]=datas%10+0x30;
 152   1                 str[6]='\0';
 153   1              
 154   1              while(str[i] != '\0')
 155   1          {
 156   2              LcdWriteData(str[i++]); //写一个字符，指向下一个
 157   2          }
 158   1                      Delay1ms(5); 
 159   1      }


MODULE INFORMATION:   STATIC OVERLAYABLE
   CODE SIZE        =    668    ----
   CONSTANT SIZE    =   ----    ----
   XDATA SIZE       =   ----      26
   PDATA SIZE       =   ----    ----
   DATA SIZE        =   ----    ----
   IDATA SIZE       =   ----    ----
   BIT SIZE         =   ----    ----
END OF MODULE INFORMATION.


C51 COMPILATION COMPLETE.  0 WARNING(S),  0 ERROR(S)
