C51 COMPILER V9.01   UART                                                                  12/26/2019 10:50:30 PAGE 1   


C51 COMPILER V9.01, COMPILATION OF MODULE UART
OBJECT MODULE PLACED IN Uart.OBJ
COMPILER INVOKED BY: G:\keil4\C51\BIN\C51.EXE Uart.c LARGE BROWSE DEBUG OBJECTEXTEND

line level    source

   1          #include "Uart.h"
   2          #include "STC12C5A60S2.h"
   3          
   4          #define uint unsigned int
   5          #define uchar unsigned char
   6          uchar RecBuf[10] = {0};                                         //串口接收Buff
   7          uchar RX_Flag=0;                                                //串口接收完成标志
   8          uchar receive_cont;                                     //接收Buff计数
   9          
  10          //串口初始化
  11            void Init_Uart()
  12          {
  13   1          PCON &= 0x7F;               
  14   1          SCON = 0x50;                 //8位数据,可变波特率
  15   1          AUXR &= 0xBF;                //定时器1时钟为Fosc/12,即12T
  16   1          AUXR &= 0xFE;                //串口1选择定时器1为波特率发生器
  17   1          TMOD &= 0x0F;                //清除定时器1模式位
  18   1          TMOD |= 0x20;                //设定定时器1为8位自动重装方式
  19   1          TL1 = 0xFD;            //设定定时初值
  20   1          TH1 = 0xFD;            //设定定时器重装值
  21   1          ET1 = 0;                 //禁止定时器1中断
  22   1          TR1 = 1;                 //启动定时器1
  23   1      }
  24                  
  25          
  26                          
  27          /*******************************************************************************
  28          * 函数名         : uart_send_chars( unsigned char ch[],unsigned char size)
  29          * 函数功能               : 向串口发送多个字节
  30          * 输入           : ch[] 待发送数据                size 要发送的字节数
  31          * 输出           : 无
  32          *******************************************************************************/
  33          void uart_send_chars( unsigned char ch[],unsigned char size)
  34          {        
  35   1              int i;
  36   1              for(i=0;i<size;i++)
  37   1              {
  38   2               SBUF=ch[i];                            //发送一个字节
  39   2               while (TI == 0 );              //等待发送成功
  40   2               TI= 0 ;                        //清除发送成功标志位;
  41   2              }       
  42   1      }
  43          
  44          /*******************************************************************************
  45          * 函数名         : send_str(int tem)
  46          * 函数功能               : 向上位机发送一个数据
  47          * 输入           : 需要发送的数据
  48          * 输出           : 无
  49          *******************************************************************************/
  50          void send_str(int tem)
  51          {
  52   1          uchar str[6];   //一帧数据包含6个字节
  53   1          str[0] = 0x01;  //帧头
  54   1          str[1] = 0xff;
  55   1          str[2] = tem;   //数据帧
C51 COMPILER V9.01   UART                                                                  12/26/2019 10:50:30 PAGE 2   

  56   1          str[3] = tem>>8;
  57   1          str[4] = 0xff;  //帧尾
  58   1          str[5] = 0x01;
  59   1                uart_send_chars(str,6); //发送数据
  60   1      }


MODULE INFORMATION:   STATIC OVERLAYABLE
   CODE SIZE        =    130    ----
   CONSTANT SIZE    =   ----    ----
   XDATA SIZE       =     12      10
   PDATA SIZE       =   ----    ----
   DATA SIZE        =   ----    ----
   IDATA SIZE       =   ----    ----
   BIT SIZE         =   ----    ----
END OF MODULE INFORMATION.


C51 COMPILATION COMPLETE.  0 WARNING(S),  0 ERROR(S)
